<?xml version="1.0" encoding="UTF-8"?>
<!-- Generated by org.testng.reporters.JUnitReportReporter -->
<testsuite hostname="Danish" failures="0" tests="1" name="com.hrms.testscripts.TC001" time="11.880" errors="0" timestamp="15 Mar 2024 03:35:42 GMT">
  <testcase classname="com.hrms.testscripts.TC001" name="tC001" time="11.880"/>
</testsuite> <!-- com.hrms.testscripts.TC001 -->
